<explain xmlns="http://www.postgresql.org/2009/explain">
  <Query>
    <Plan>
      <Node-Type>Aggregate</Node-Type>
      <Strategy>Sorted</Strategy>
      <Partial-Mode>Finalize</Partial-Mode>
      <Parallel-Aware>false</Parallel-Aware>
      <Startup-Cost>209508.93</Startup-Cost>
      <Total-Cost>209511.00</Total-Cost>
      <Plan-Rows>6</Plan-Rows>
      <Plan-Width>236</Plan-Width>
      <Actual-Startup-Time>2633.835</Actual-Startup-Time>
      <Actual-Total-Time>2633.888</Actual-Total-Time>
      <Actual-Rows>4</Actual-Rows>
      <Actual-Loops>1</Actual-Loops>
      <Group-Key>
        <Item>l_returnflag</Item>
        <Item>l_linestatus</Item>
      </Group-Key>
      <Plans>
        <Plan>
          <Node-Type>Gather Merge</Node-Type>
          <Parent-Relationship>Outer</Parent-Relationship>
          <Parallel-Aware>false</Parallel-Aware>
          <Startup-Cost>209508.93</Startup-Cost>
          <Total-Cost>209510.33</Total-Cost>
          <Plan-Rows>12</Plan-Rows>
          <Plan-Width>236</Plan-Width>
          <Actual-Startup-Time>2633.788</Actual-Startup-Time>
          <Actual-Total-Time>2651.294</Actual-Total-Time>
          <Actual-Rows>12</Actual-Rows>
          <Actual-Loops>1</Actual-Loops>
          <Workers-Planned>2</Workers-Planned>
          <Workers-Launched>2</Workers-Launched>
          <Plans>
            <Plan>
              <Node-Type>Sort</Node-Type>
              <Parent-Relationship>Outer</Parent-Relationship>
              <Parallel-Aware>false</Parallel-Aware>
              <Startup-Cost>208508.91</Startup-Cost>
              <Total-Cost>208508.92</Total-Cost>
              <Plan-Rows>6</Plan-Rows>
              <Plan-Width>236</Plan-Width>
              <Actual-Startup-Time>2441.717</Actual-Startup-Time>
              <Actual-Total-Time>2441.717</Actual-Total-Time>
              <Actual-Rows>4</Actual-Rows>
              <Actual-Loops>3</Actual-Loops>
              <Sort-Key>
                <Item>l_returnflag</Item>
                <Item>l_linestatus</Item>
              </Sort-Key>
              <Sort-Method>quicksort</Sort-Method>
              <Sort-Space-Used>27</Sort-Space-Used>
              <Sort-Space-Type>Memory</Sort-Space-Type>
              <Workers>
                <Worker>
                  <Worker-Number>0</Worker-Number>
                  <Sort-Method>quicksort</Sort-Method>
                  <Sort-Space-Used>27</Sort-Space-Used>
                  <Sort-Space-Type>Memory</Sort-Space-Type>
                </Worker>
                <Worker>
                  <Worker-Number>1</Worker-Number>
                  <Sort-Method>quicksort</Sort-Method>
                  <Sort-Space-Used>27</Sort-Space-Used>
                  <Sort-Space-Type>Memory</Sort-Space-Type>
                </Worker>
              </Workers>
              <Plans>
                <Plan>
                  <Node-Type>Aggregate</Node-Type>
                  <Strategy>Hashed</Strategy>
                  <Partial-Mode>Partial</Partial-Mode>
                  <Parent-Relationship>Outer</Parent-Relationship>
                  <Parallel-Aware>false</Parallel-Aware>
                  <Startup-Cost>208508.66</Startup-Cost>
                  <Total-Cost>208508.83</Total-Cost>
                  <Plan-Rows>6</Plan-Rows>
                  <Plan-Width>236</Plan-Width>
                  <Actual-Startup-Time>2441.641</Actual-Startup-Time>
                  <Actual-Total-Time>2441.652</Actual-Total-Time>
                  <Actual-Rows>4</Actual-Rows>
                  <Actual-Loops>3</Actual-Loops>
                  <Group-Key>
                    <Item>l_returnflag</Item>
                    <Item>l_linestatus</Item>
                  </Group-Key>
                  <Plans>
                    <Plan>
                      <Node-Type>Seq Scan</Node-Type>
                      <Parent-Relationship>Outer</Parent-Relationship>
                      <Parallel-Aware>true</Parallel-Aware>
                      <Relation-Name>lineitem</Relation-Name>
                      <Alias>lineitem</Alias>
                      <Startup-Cost>0.00</Startup-Cost>
                      <Total-Cost>150012.46</Total-Cost>
                      <Plan-Rows>1462405</Plan-Rows>
                      <Plan-Width>25</Plan-Width>
                      <Actual-Startup-Time>0.510</Actual-Startup-Time>
                      <Actual-Total-Time>831.475</Actual-Total-Time>
                      <Actual-Rows>1169732</Actual-Rows>
                      <Actual-Loops>3</Actual-Loops>
                      <Filter>((l_shipdate &gt;= '1992-01-02'::date) AND (l_shipdate &lt;= '1996-01-08'::date))</Filter>
                      <Rows-Removed-by-Filter>830673</Rows-Removed-by-Filter>
                    </Plan>
                  </Plans>
                </Plan>
              </Plans>
            </Plan>
          </Plans>
        </Plan>
      </Plans>
    </Plan>
    <Planning-Time>1.631</Planning-Time>
    <Triggers>
    </Triggers>
    <Execution-Time>2651.590</Execution-Time>
  </Query>
</explain>